\BOOKMARK [1][-]{Section.0.Data Input: General.1}{Data Input: General}{}% 1
\BOOKMARK [2][-]{Subsection.1.0.Model Data.2}{Model Data}{Section.0.Data Input: General.1}% 2
\BOOKMARK [2][-]{Subsection.1.1.Network Data Class.2}{Network Data Class}{Section.0.Data Input: General.1}% 3
\BOOKMARK [2][-]{Subsection.1.2.Building a Network Object.2}{Building a Network Object}{Section.0.Data Input: General.1}% 4
\BOOKMARK [2][-]{Subsection.1.3.Balancing for Steady-State.2}{Balancing for Steady-State}{Section.0.Data Input: General.1}% 5
\BOOKMARK [1][-]{Section.1.Data Input: Reading Common Data File Formats.1}{Data Input: Reading Common Data File Formats}{}% 6
\BOOKMARK [1][-]{Section.2.Network Visualization.1}{Network Visualization}{}% 7
\BOOKMARK [1][-]{Section.3.Analyzing Ecosystem Models.1}{Analyzing Ecosystem Models}{}% 8
\BOOKMARK [2][-]{Subsection.4.0.Structural Network Analysis.2}{Structural Network Analysis}{Section.3.Analyzing Ecosystem Models.1}% 9
\BOOKMARK [2][-]{Subsection.4.1.Flow Analysis.2}{Flow Analysis}{Section.3.Analyzing Ecosystem Models.1}% 10
\BOOKMARK [2][-]{Subsection.4.2.Ascendency.2}{Ascendency}{Section.3.Analyzing Ecosystem Models.1}% 11
\BOOKMARK [2][-]{Subsection.4.3.Storage Analysis.2}{Storage Analysis}{Section.3.Analyzing Ecosystem Models.1}% 12
\BOOKMARK [2][-]{Subsection.4.4.Utility Analysis.2}{Utility Analysis}{Section.3.Analyzing Ecosystem Models.1}% 13
\BOOKMARK [2][-]{Subsection.4.5.Environ Analysis.2}{Environ Analysis}{Section.3.Analyzing Ecosystem Models.1}% 14
\BOOKMARK [2][-]{Subsection.4.6.Control Analysis.2}{Control Analysis}{Section.3.Analyzing Ecosystem Models.1}% 15
\BOOKMARK [2][-]{Subsection.4.7.Mixed Trophic Impacts.2}{Mixed Trophic Impacts}{Section.3.Analyzing Ecosystem Models.1}% 16
\BOOKMARK [2][-]{Subsection.4.8.Cycle Analysis.2}{Cycle Analysis}{Section.3.Analyzing Ecosystem Models.1}% 17
\BOOKMARK [2][-]{Subsection.4.9.Trophic Aggregations.2}{Trophic Aggregations}{Section.3.Analyzing Ecosystem Models.1}% 18
\BOOKMARK [2][-]{Subsection.4.10.Other Analyses.2}{Other Analyses}{Section.3.Analyzing Ecosystem Models.1}% 19
\BOOKMARK [2][-]{Subsection.4.11.Output Orientation.2}{Output Orientation}{Section.3.Analyzing Ecosystem Models.1}% 20
\BOOKMARK [1][-]{Section.4.Model Library.1}{Model Library}{}% 21
\BOOKMARK [1][-]{Section.5.Multi-Model Analyses (Batch Processing).1}{Multi-Model Analyses \(Batch Processing\)}{}% 22
\BOOKMARK [1][-]{Section.6.Connecting to Other Useful Packages.1}{Connecting to Other Useful Packages}{}% 23
\BOOKMARK [2][-]{Subsection.7.0.sna: Social Network Analysis.2}{sna: Social Network Analysis}{Section.6.Connecting to Other Useful Packages.1}% 24
\BOOKMARK [2][-]{Subsection.7.1.iGraph.2}{iGraph}{Section.6.Connecting to Other Useful Packages.1}% 25
\BOOKMARK [1][-]{Section.7.Summary and Future.1}{Summary and Future}{}% 26
