\BOOKMARK [1][-]{section.1}{Ecosystem Network Analysis}{}% 1
\BOOKMARK [1][-]{section.2}{Data Input: General}{}% 2
\BOOKMARK [2][-]{subsection.2.1}{Model Data}{section.2}% 3
\BOOKMARK [2][-]{subsection.2.2}{Network Data Class}{section.2}% 4
\BOOKMARK [2][-]{subsection.2.3}{Building a Network Object}{section.2}% 5
\BOOKMARK [2][-]{subsection.2.4}{Balancing for Steady-State}{section.2}% 6
\BOOKMARK [1][-]{section.3}{Data Input: Reading Common Data File Formats}{}% 7
\BOOKMARK [1][-]{section.4}{Network Visualization}{}% 8
\BOOKMARK [1][-]{section.5}{Single Model Analysis}{}% 9
\BOOKMARK [2][-]{subsection.5.1}{Structural Network Analysis}{section.5}% 10
\BOOKMARK [2][-]{subsection.5.2}{Flow Analysis}{section.5}% 11
\BOOKMARK [2][-]{subsection.5.3}{Ascendency}{section.5}% 12
\BOOKMARK [2][-]{subsection.5.4}{Storage Analysis}{section.5}% 13
\BOOKMARK [2][-]{subsection.5.5}{Utility Analysis}{section.5}% 14
\BOOKMARK [2][-]{subsection.5.6}{Environ Analysis}{section.5}% 15
\BOOKMARK [2][-]{subsection.5.7}{Control Analysis}{section.5}% 16
\BOOKMARK [2][-]{subsection.5.8}{Mixed Trophic Impacts}{section.5}% 17
\BOOKMARK [2][-]{subsection.5.9}{Cycle Analysis}{section.5}% 18
\BOOKMARK [2][-]{subsection.5.10}{Trophic Aggregations}{section.5}% 19
\BOOKMARK [2][-]{subsection.5.11}{Other Analyses}{section.5}% 20
\BOOKMARK [2][-]{subsection.5.12}{Output Orientation}{section.5}% 21
\BOOKMARK [1][-]{section.6}{Model Library}{}% 22
\BOOKMARK [1][-]{section.7}{Multi-Model Analyses \(Batch Processing\)}{}% 23
\BOOKMARK [1][-]{section.8}{Connecting to Other Useful Packages}{}% 24
\BOOKMARK [2][-]{subsection.8.1}{sna: Social Network Analysis}{section.8}% 25
\BOOKMARK [2][-]{subsection.8.2}{iGraph}{section.8}% 26
\BOOKMARK [1][-]{section.9}{Summary and Future}{}% 27
